<?xml version="1.0" encoding="UTF-8"?>
<!-- Generated by org.testng.reporters.JUnitReportReporter -->
<testsuite skipped="0" hostname="DESKTOP-FK44S0H" name="Testing.Test_neon" tests="2" failures="0" timestamp="23 jul 2018 00:30:40 GMT" time="7.862" errors="0">
  <testcase name="openbrowser" time="2.515" classname="Testing.Test_neon"/>
  <testcase name="Logeo" time="5.347" classname="Testing.Test_neon"/>
</testsuite> <!-- Testing.Test_neon -->
