<?xml version="1.0" encoding="UTF-8"?>
<!-- Generated by org.testng.reporters.JUnitReportReporter -->
<testsuite skipped="0" hostname="BLANCAACOSTA" name="Testing.Flujo_Gastos" tests="5" failures="0" timestamp="24 jul 2018 20:53:29 GMT" time="47.052" errors="0">
  <testcase name="openbrowser" time="3.278" classname="Testing.Flujo_Gastos"/>
  <testcase name="credentials" time="2.493" classname="Testing.Flujo_Gastos"/>
  <testcase name="SeleccionarGastos" time="11.286" classname="Testing.Flujo_Gastos"/>
  <testcase name="Llenar_solicitud" time="4.335" classname="Testing.Flujo_Gastos"/>
  <testcase name="EjecutarGasto" time="25.660" classname="Testing.Flujo_Gastos"/>
</testsuite> <!-- Testing.Flujo_Gastos -->
