<?xml version="1.0" encoding="UTF-8"?>
<!-- Generated by org.testng.reporters.JUnitReportReporter -->
<testsuite skipped="0" hostname="BLANCAACOSTA" name="Testing.Test_neon" tests="2" failures="0" timestamp="23 jul 2018 14:54:26 GMT" time="3.164" errors="0">
  <testcase name="openbrowser" time="1.636" classname="Testing.Test_neon"/>
  <testcase name="Logeo" time="1.528" classname="Testing.Test_neon"/>
</testsuite> <!-- Testing.Test_neon -->
