<?xml version="1.0" encoding="UTF-8"?>
<!-- Generated by org.testng.reporters.JUnitReportReporter -->
<testsuite skipped="0" hostname="DESKTOP-FK44S0H" name="Testing.Flujo_Gastos" tests="2" failures="0" timestamp="23 jul 2018 02:12:44 GMT" time="6.191" errors="0">
  <testcase name="openbrowser" time="0.807" classname="Testing.Flujo_Gastos"/>
  <testcase name="credentials" time="5.384" classname="Testing.Flujo_Gastos"/>
</testsuite> <!-- Testing.Flujo_Gastos -->
